# JRE version: OpenJDK Runtime Environment Temurin-17.0.10+7 (17.0.10+7) (build 17.0.10+7)
# Java VM: OpenJDK 64-Bit Server VM Temurin-17.0.10+7 (17.0.10+7, mixed mode, tiered, compressed oops, compressed class ptrs, g1 gc, windows-amd64)
GC Precious Log:
 CPUs: 2 total, 2 available
 Memory: 7896M
 Large Page Support: Disabled
 NUMA Support: Disabled
 Compressed Oops: Enabled (Zero based)
 Heap Region Size: 2M
 Heap Min Capacity: 8M
 Heap Initial Capacity: 124M
 Heap Max Capacity: 4G
 Pre-touch: Disabled
 Parallel Workers: 2
 Concurrent Workers: 1
 Concurrent Refinement Workers: 2
 Periodic GC: Disabled
Heap:
 garbage-first heap   total 75776K, used 56492K [0x0000000700000000, 0x0000000800000000)
  region size 2048K, 9 young (18432K), 2 survivors (4096K)
 Metaspace       used 65536K, committed 66240K, reserved 1114112K
  class space    used 9118K, committed 9472K, reserved 1048576K
GC Heap History (20 events):
Event: 207.516 GC heap before
{Heap before GC invocations=16 (full 0):
 garbage-first heap   total 75776K, used 59031K [0x0000000700000000, 0x0000000800000000)
  region size 2048K, 14 young (28672K), 2 survivors (4096K)
 Metaspace       used 47221K, committed 47744K, reserved 1114112K
  class space    used 6329K, committed 6592K, reserved 1048576K
}
Event: 207.539 GC heap after
{Heap after GC invocations=17 (full 0):
 garbage-first heap   total 75776K, used 36123K [0x0000000700000000, 0x0000000800000000)
  region size 2048K, 2 young (4096K), 2 survivors (4096K)
 Metaspace       used 47221K, committed 47744K, reserved 1114112K
  class space    used 6329K, committed 6592K, reserved 1048576K
}
Event: 226.175 GC heap before
{Heap before GC invocations=17 (full 0):
 garbage-first heap   total 75776K, used 58651K [0x0000000700000000, 0x0000000800000000)
  region size 2048K, 13 young (26624K), 2 survivors (4096K)
 Metaspace       used 49389K, committed 49920K, reserved 1114112K
  class space    used 6685K, committed 6912K, reserved 1048576K
}
Event: 226.216 GC heap after
{Heap after GC invocations=18 (full 0):
 garbage-first heap   total 75776K, used 36522K [0x0000000700000000, 0x0000000800000000)
  region size 2048K, 2 young (4096K), 2 survivors (4096K)
 Metaspace       used 49389K, committed 49920K, reserved 1114112K
  class space    used 6685K, committed 6912K, reserved 1048576K
}
Event: 242.962 GC heap before
{Heap before GC invocations=19 (full 0):
 garbage-first heap   total 75776K, used 59050K [0x0000000700000000, 0x0000000800000000)
  region size 2048K, 13 young (26624K), 2 survivors (4096K)
 Metaspace       used 52308K, committed 52864K, reserved 1114112K
  class space    used 7157K, committed 7424K, reserved 1048576K
}
Event: 242.992 GC heap after
{Heap after GC invocations=20 (full 0):
 garbage-first heap   total 75776K, used 37796K [0x0000000700000000, 0x0000000800000000)
  region size 2048K, 1 young (2048K), 1 survivors (2048K)
 Metaspace       used 52308K, committed 52864K, reserved 1114112K
  class space    used 7157K, committed 7424K, reserved 1048576K
}
Event: 244.010 GC heap before
{Heap before GC invocations=20 (full 0):
 garbage-first heap   total 75776K, used 39844K [0x0000000700000000, 0x0000000800000000)
  region size 2048K, 2 young (4096K), 1 survivors (2048K)
 Metaspace       used 52482K, committed 52992K, reserved 1114112K
  class space    used 7186K, committed 7424K, reserved 1048576K
}
Event: 244.075 GC heap after
{Heap after GC invocations=21 (full 0):
 garbage-first heap   total 75776K, used 37777K [0x0000000700000000, 0x0000000800000000)
  region size 2048K, 1 young (2048K), 1 survivors (2048K)
 Metaspace       used 52482K, committed 52992K, reserved 1114112K
  class space    used 7186K, committed 7424K, reserved 1048576K
}
Event: 259.232 GC heap before
{Heap before GC invocations=21 (full 0):
 garbage-first heap   total 75776K, used 58257K [0x0000000700000000, 0x0000000800000000)
  region size 2048K, 11 young (22528K), 1 survivors (2048K)
 Metaspace       used 54226K, committed 54784K, reserved 1114112K
  class space    used 7481K, committed 7744K, reserved 1048576K
}
Event: 259.248 GC heap after
{Heap after GC invocations=22 (full 0):
 garbage-first heap   total 75776K, used 38299K [0x0000000700000000, 0x0000000800000000)
  region size 2048K, 1 young (2048K), 1 survivors (2048K)
 Metaspace       used 54226K, committed 54784K, reserved 1114112K
  class space    used 7481K, committed 7744K, reserved 1048576K
}
Event: 271.220 GC heap before
{Heap before GC invocations=23 (full 0):
 garbage-first heap   total 75776K, used 60827K [0x0000000700000000, 0x0000000800000000)
  region size 2048K, 12 young (24576K), 1 survivors (2048K)
 Metaspace       used 56771K, committed 57344K, reserved 1114112K
  class space    used 7809K, committed 8064K, reserved 1048576K
}
Event: 271.234 GC heap after
{Heap after GC invocations=24 (full 0):
 garbage-first heap   total 75776K, used 38894K [0x0000000700000000, 0x0000000800000000)
  region size 2048K, 1 young (2048K), 1 survivors (2048K)
 Metaspace       used 56771K, committed 57344K, reserved 1114112K
  class space    used 7809K, committed 8064K, reserved 1048576K
}
Event: 286.441 GC heap before
{Heap before GC invocations=24 (full 0):
 garbage-first heap   total 75776K, used 59374K [0x0000000700000000, 0x0000000800000000)
  region size 2048K, 12 young (24576K), 1 survivors (2048K)
 Metaspace       used 58898K, committed 59456K, reserved 1114112K
  class space    used 8058K, committed 8320K, reserved 1048576K
}
Event: 286.516 GC heap after
{Heap after GC invocations=25 (full 0):
 garbage-first heap   total 75776K, used 41023K [0x0000000700000000, 0x0000000800000000)
  region size 2048K, 2 young (4096K), 2 survivors (4096K)
 Metaspace       used 58898K, committed 59456K, reserved 1114112K
  class space    used 8058K, committed 8320K, reserved 1048576K
}
Event: 302.888 GC heap before
{Heap before GC invocations=26 (full 0):
 garbage-first heap   total 75776K, used 59455K [0x0000000700000000, 0x0000000800000000)
  region size 2048K, 11 young (22528K), 2 survivors (4096K)
 Metaspace       used 60603K, committed 61184K, reserved 1114112K
  class space    used 8293K, committed 8576K, reserved 1048576K
}
Event: 302.919 GC heap after
{Heap after GC invocations=27 (full 0):
 garbage-first heap   total 75776K, used 42049K [0x0000000700000000, 0x0000000800000000)
  region size 2048K, 1 young (2048K), 1 survivors (2048K)
 Metaspace       used 60603K, committed 61184K, reserved 1114112K
  class space    used 8293K, committed 8576K, reserved 1048576K
}
Event: 330.130 GC heap before
{Heap before GC invocations=27 (full 0):
 garbage-first heap   total 75776K, used 62529K [0x0000000700000000, 0x0000000800000000)
  region size 2048K, 11 young (22528K), 1 survivors (2048K)
 Metaspace       used 62755K, committed 63424K, reserved 1114112K
  class space    used 8624K, committed 8960K, reserved 1048576K
}
Event: 330.150 GC heap after
{Heap after GC invocations=28 (full 0):
 garbage-first heap   total 75776K, used 42898K [0x0000000700000000, 0x0000000800000000)
  region size 2048K, 1 young (2048K), 1 survivors (2048K)
 Metaspace       used 62755K, committed 63424K, reserved 1114112K
  class space    used 8624K, committed 8960K, reserved 1048576K
}
Event: 355.091 GC heap before
{Heap before GC invocations=29 (full 0):
 garbage-first heap   total 75776K, used 63378K [0x0000000700000000, 0x0000000800000000)
  region size 2048K, 11 young (22528K), 1 survivors (2048K)
 Metaspace       used 64305K, committed 64960K, reserved 1114112K
  class space    used 8892K, committed 9216K, reserved 1048576K
}
Event: 355.120 GC heap after
{Heap after GC invocations=30 (full 0):
 garbage-first heap   total 75776K, used 44204K [0x0000000700000000, 0x0000000800000000)
  region size 2048K, 2 young (4096K), 2 survivors (4096K)
 Metaspace       used 64305K, committed 64960K, reserved 1114112K
  class space    used 8892K, committed 9216K, reserved 1048576K
}

